Starting simulation: duration 180s, collision threshold 20m, scenario config/scenario_dynamic.json, avoidance_mode Daidalus, mqtt_enabled false, log_level "full", physics_hz 10
Route metrics: ideal_mode=Chord, timing=MissionComplete
Scenario loaded: 0 obstacles, 20 drones (scheduled), 0 departure/landing zones
Physics tick rate set to 10 Hz (dt = 0.100s)
DAA evaluation interval: 1s

[                                          ] 0.6% (1s / 180s)
[                                          ] 1.1% (2s / 180s)
[                                          ] 1.7% (3s / 180s)
[                                          ] 2.2% (4s / 180s)
[ =                                        ] 2.8% (5s / 180s)
[ =                                        ] 3.3% (6s / 180s)
[ =                                        ] 3.9% (7s / 180s)
[ =                                        ] 4.4% (8s / 180s)
[ ==                                       ] 5.0% (9s / 180s)
[ ==                                       ] 5.6% (10s / 180s)
[ ==                                       ] 6.1% (11s / 180s)
[ ==                                       ] 6.7% (12s / 180s)
[ ==                                       ] 7.2% (13s / 180s)
[ ===                                      ] 7.8% (14s / 180s)
[ ===                                      ] 8.3% (15s / 180s)
[ ===                                      ] 8.9% (16s / 180s)
[ ===                                      ] 9.4% (17s / 180s)
[ ====                                     ] 10.0% (18s / 180s)
[ ====                                     ] 10.6% (19s / 180s)
[ ====                                     ] 11.1% (20s / 180s)
[ ====                                     ] 11.7% (21s / 180s)
[ ====                                     ] 12.2% (22s / 180s)
[ =====                                    ] 12.8% (23s / 180s)
[ =====                                    ] 13.3% (24s / 180s)
[ =====                                    ] 13.9% (25s / 180s)
[ =====                                    ] 14.4% (26s / 180s)
[ ======                                   ] 15.0% (27s / 180s)
[ ======                                   ] 15.6% (28s / 180s)
[ ======                                   ] 16.1% (29s / 180s)
[ ======                                   ] 16.7% (30s / 180s)
[ ======                                   ] 17.2% (31s / 180s)
[ =======                                  ] 17.8% (32s / 180s)
[ =======                                  ] 18.3% (33s / 180s)
[ =======                                  ] 18.9% (34s / 180s)
[ =======                                  ] 19.4% (35s / 180s)
[ ========                                 ] 20.0% (36s / 180s)
[ ========                                 ] 20.6% (37s / 180s)
[ ========                                 ] 21.1% (38s / 180s)
[ ========                                 ] 21.7% (39s / 180s)
[ ========                                 ] 22.2% (40s / 180s)
[ =========                                ] 22.8% (41s / 180s)
[ =========                                ] 23.3% (42s / 180s)
[ =========                                ] 23.9% (43s / 180s)
[ =========                                ] 24.4% (44s / 180s)
[ ==========                               ] 25.0% (45s / 180s)
[ ==========                               ] 25.6% (46s / 180s)
[ ==========                               ] 26.1% (47s / 180s)
[ ==========                               ] 26.7% (48s / 180s)
[ ==========                               ] 27.2% (49s / 180s)
[ ===========                              ] 27.8% (50s / 180s)
[ ===========                              ] 28.3% (51s / 180s)
[ ===========                              ] 28.9% (52s / 180s)
[ ===========                              ] 29.4% (53s / 180s)
[ ============                             ] 30.0% (54s / 180s)
[ ============                             ] 30.6% (55s / 180s)
[ ============                             ] 31.1% (56s / 180s)
[ ============                             ] 31.7% (57s / 180s)
[ ============                             ] 32.2% (58s / 180s)
[ =============                            ] 32.8% (59s / 180s)
[ =============                            ] 33.3% (60s / 180s)
[ =============                            ] 33.9% (61s / 180s)
[ =============                            ] 34.4% (62s / 180s)
[ ==============                           ] 35.0% (63s / 180s)
[ ==============                           ] 35.6% (64s / 180s)
[ ==============                           ] 36.1% (65s / 180s)
[ ==============                           ] 36.7% (66s / 180s)
[ ==============                           ] 37.2% (67s / 180s)
[ ===============                          ] 37.8% (68s / 180s)
[ ===============                          ] 38.3% (69s / 180s)
[ ===============                          ] 38.9% (70s / 180s)
[ ===============                          ] 39.4% (71s / 180s)
[ ================                         ] 40.0% (72s / 180s)
[ ================                         ] 40.6% (73s / 180s)
[ ================                         ] 41.1% (74s / 180s)
[ ================                         ] 41.7% (75s / 180s)
[ ================                         ] 42.2% (76s / 180s)
[ =================                        ] 42.8% (77s / 180s)
[ =================                        ] 43.3% (78s / 180s)
[ =================                        ] 43.9% (79s / 180s)
[ =================                        ] 44.4% (80s / 180s)
[ ==================                       ] 45.0% (81s / 180s)
[ ==================                       ] 45.6% (82s / 180s)
[ ==================                       ] 46.1% (83s / 180s)
[ ==================                       ] 46.7% (84s / 180s)
[ ==================                       ] 47.2% (85s / 180s)
[ ===================                      ] 47.8% (86s / 180s)
[ ===================                      ] 48.3% (87s / 180s)
[ ===================                      ] 48.9% (88s / 180s)
[ ===================                      ] 49.4% (89s / 180s)
[ ====================                     ] 50.0% (90s / 180s)
[ ====================                     ] 50.6% (91s / 180s)
[ ====================                     ] 51.1% (92s / 180s)
[ ====================                     ] 51.7% (93s / 180s)
[ ====================                     ] 52.2% (94s / 180s)
[ =====================                    ] 52.8% (95s / 180s)
[ =====================                    ] 53.3% (96s / 180s)
[ =====================                    ] 53.9% (97s / 180s)
[ =====================                    ] 54.4% (98s / 180s)
[ ======================                   ] 55.0% (99s / 180s)
[ ======================                   ] 55.6% (100s / 180s)
[ ======================                   ] 56.1% (101s / 180s)
[ ======================                   ] 56.7% (102s / 180s)
[ ======================                   ] 57.2% (103s / 180s)
[ =======================                  ] 57.8% (104s / 180s)
[ =======================                  ] 58.3% (105s / 180s)
[ =======================                  ] 58.9% (106s / 180s)
[ =======================                  ] 59.4% (107s / 180s)
[ ========================                 ] 60.0% (108s / 180s)
[ ========================                 ] 60.6% (109s / 180s)
[ ========================                 ] 61.1% (110s / 180s)
[ ========================                 ] 61.7% (111s / 180s)
[ ========================                 ] 62.2% (112s / 180s)
[ =========================                ] 62.8% (113s / 180s)
[ =========================                ] 63.3% (114s / 180s)
[ =========================                ] 63.9% (115s / 180s)
[ =========================                ] 64.4% (116s / 180s)
[ ==========================               ] 65.0% (117s / 180s)
[ ==========================               ] 65.6% (118s / 180s)
[ ==========================               ] 66.1% (119s / 180s)
[ ==========================               ] 66.7% (120s / 180s)
[ ==========================               ] 67.2% (121s / 180s)
[ ===========================              ] 67.8% (122s / 180s)
[ ===========================              ] 68.3% (123s / 180s)
[ ===========================              ] 68.9% (124s / 180s)
[ ===========================              ] 69.4% (125s / 180s)
[ ============================             ] 70.0% (126s / 180s)
[ ============================             ] 70.6% (127s / 180s)
[ ============================             ] 71.1% (128s / 180s)
[ ============================             ] 71.7% (129s / 180s)
[ ============================             ] 72.2% (130s / 180s)
[ =============================            ] 72.8% (131s / 180s)
[ =============================            ] 73.3% (132s / 180s)
[ =============================            ] 73.9% (133s / 180s)
[ =============================            ] 74.4% (134s / 180s)
[ ==============================           ] 75.0% (135s / 180s)
[ ==============================           ] 75.6% (136s / 180s)
[ ==============================           ] 76.1% (137s / 180s)
[ ==============================           ] 76.7% (138s / 180s)
[ ==============================           ] 77.2% (139s / 180s)
[ ===============================          ] 77.8% (140s / 180s)
[ ===============================          ] 78.3% (141s / 180s)
[ ===============================          ] 78.9% (142s / 180s)
[ ===============================          ] 79.4% (143s / 180s)
[ ================================         ] 80.0% (144s / 180s)
[ ================================         ] 80.6% (145s / 180s)
[ ================================         ] 81.1% (146s / 180s)
[ ================================         ] 81.7% (147s / 180s)
[ ================================         ] 82.2% (148s / 180s)
[ =================================        ] 82.8% (149s / 180s)
[ =================================        ] 83.3% (150s / 180s)
[ =================================        ] 83.9% (151s / 180s)
[ =================================        ] 84.4% (152s / 180s)
[ ==================================       ] 85.0% (153s / 180s)
[ ==================================       ] 85.6% (154s / 180s)
[ ==================================       ] 86.1% (155s / 180s)
[ ==================================       ] 86.7% (156s / 180s)
[ ==================================       ] 87.2% (157s / 180s)
[ ===================================      ] 87.8% (158s / 180s)
[ ===================================      ] 88.3% (159s / 180s)
[ ===================================      ] 88.9% (160s / 180s)
[ ===================================      ] 89.4% (161s / 180s)
[ ====================================     ] 90.0% (162s / 180s)
[ ====================================     ] 90.6% (163s / 180s)
[ ====================================     ] 91.1% (164s / 180s)
[ ====================================     ] 91.7% (165s / 180s)
[ ====================================     ] 92.2% (166s / 180s)
[ =====================================    ] 92.8% (167s / 180s)
[ =====================================    ] 93.3% (168s / 180s)
[ =====================================    ] 93.9% (169s / 180s)
[ =====================================    ] 94.4% (170s / 180s)
[ ======================================   ] 95.0% (171s / 180s)
[ ======================================   ] 95.6% (172s / 180s)
[ ======================================   ] 96.1% (173s / 180s)
[ ======================================   ] 96.7% (174s / 180s)
[ ======================================   ] 97.2% (175s / 180s)
[ =======================================  ] 97.8% (176s / 180s)
[ =======================================  ] 98.3% (177s / 180s)
[ =======================================  ] 98.9% (178s / 180s)
[ =======================================  ] 99.4% (179s / 180s)
[ ======================================== ] 100.0% (180s / 180s)
Simulation completed.
Metrics: MACproxy=0, DAA_pairs=10, completed=0
Telemetry: 3600 entries to simulation_telemetry.ndjson
