Starting simulation: duration 300s, collision threshold 20m, scenario config/scenario_dynamic.json, avoidance_mode Daidalus, mqtt_enabled false, log_level "full", physics_hz 10
Route metrics: ideal_mode=Chord, timing=MissionComplete
Scenario loaded: 0 obstacles, 1845 drones (scheduled), 0 departure/landing zones
Physics tick rate set to 10 Hz (dt = 0.100s)
DAA evaluation interval: 1s

[                                          ] 0.3% (1s / 300s)
[                                          ] 0.7% (2s / 300s)
[                                          ] 1.0% (3s / 300s)
[                                          ] 1.3% (4s / 300s)
[                                          ] 1.7% (5s / 300s)
[                                          ] 2.0% (6s / 300s)
[                                          ] 2.3% (7s / 300s)
[ =                                        ] 2.7% (8s / 300s)
[ =                                        ] 3.0% (9s / 300s)
[ =                                        ] 3.3% (10s / 300s)
[ =                                        ] 3.7% (11s / 300s)
[ =                                        ] 4.0% (12s / 300s)
[ =                                        ] 4.3% (13s / 300s)
[ =                                        ] 4.7% (14s / 300s)
[ ==                                       ] 5.0% (15s / 300s)
[ ==                                       ] 5.3% (16s / 300s)
[ ==                                       ] 5.7% (17s / 300s)
[ ==                                       ] 6.0% (18s / 300s)
[ ==                                       ] 6.3% (19s / 300s)
[ ==                                       ] 6.7% (20s / 300s)
[ ==                                       ] 7.0% (21s / 300s)
[ ==                                       ] 7.3% (22s / 300s)
[ ===                                      ] 7.7% (23s / 300s)
[ ===                                      ] 8.0% (24s / 300s)
[ ===                                      ] 8.3% (25s / 300s)
[ ===                                      ] 8.7% (26s / 300s)
[ ===                                      ] 9.0% (27s / 300s)
[ ===                                      ] 9.3% (28s / 300s)
[ ===                                      ] 9.7% (29s / 300s)
[ ====                                     ] 10.0% (30s / 300s)
[ ====                                     ] 10.3% (31s / 300s)
[ ====                                     ] 10.7% (32s / 300s)
[ ====                                     ] 11.0% (33s / 300s)
[ ====                                     ] 11.3% (34s / 300s)
[ ====                                     ] 11.7% (35s / 300s)
[ ====                                     ] 12.0% (36s / 300s)
[ ====                                     ] 12.3% (37s / 300s)
[ =====                                    ] 12.7% (38s / 300s)
[ =====                                    ] 13.0% (39s / 300s)
[ =====                                    ] 13.3% (40s / 300s)
[ =====                                    ] 13.7% (41s / 300s)
[ =====                                    ] 14.0% (42s / 300s)
[ =====                                    ] 14.3% (43s / 300s)
[ =====                                    ] 14.7% (44s / 300s)
[ ======                                   ] 15.0% (45s / 300s)
[ ======                                   ] 15.3% (46s / 300s)
[ ======                                   ] 15.7% (47s / 300s)
[ ======                                   ] 16.0% (48s / 300s)
[ ======                                   ] 16.3% (49s / 300s)
[ ======                                   ] 16.7% (50s / 300s)
[ ======                                   ] 17.0% (51s / 300s)
[ ======                                   ] 17.3% (52s / 300s)
[ =======                                  ] 17.7% (53s / 300s)
[ =======                                  ] 18.0% (54s / 300s)
[ =======                                  ] 18.3% (55s / 300s)
[ =======                                  ] 18.7% (56s / 300s)
[ =======                                  ] 19.0% (57s / 300s)
[ =======                                  ] 19.3% (58s / 300s)
[ =======                                  ] 19.7% (59s / 300s)
[ ========                                 ] 20.0% (60s / 300s)
[ ========                                 ] 20.3% (61s / 300s)
[ ========                                 ] 20.7% (62s / 300s)
[ ========                                 ] 21.0% (63s / 300s)
[ ========                                 ] 21.3% (64s / 300s)
[ ========                                 ] 21.7% (65s / 300s)
[ ========                                 ] 22.0% (66s / 300s)
[ ========                                 ] 22.3% (67s / 300s)
[ =========                                ] 22.7% (68s / 300s)
[ =========                                ] 23.0% (69s / 300s)
[ =========                                ] 23.3% (70s / 300s)
[ =========                                ] 23.7% (71s / 300s)
[ =========                                ] 24.0% (72s / 300s)
[ =========                                ] 24.3% (73s / 300s)
[ =========                                ] 24.7% (74s / 300s)
[ ==========                               ] 25.0% (75s / 300s)
[ ==========                               ] 25.3% (76s / 300s)
[ ==========                               ] 25.7% (77s / 300s)
[ ==========                               ] 26.0% (78s / 300s)
[ ==========                               ] 26.3% (79s / 300s)
[ ==========                               ] 26.7% (80s / 300s)
[ ==========                               ] 27.0% (81s / 300s)
[ ==========                               ] 27.3% (82s / 300s)
[ ===========                              ] 27.7% (83s / 300s)
[ ===========                              ] 28.0% (84s / 300s)
[ ===========                              ] 28.3% (85s / 300s)
[ ===========                              ] 28.7% (86s / 300s)
[ ===========                              ] 29.0% (87s / 300s)
[ ===========                              ] 29.3% (88s / 300s)
[ ===========                              ] 29.7% (89s / 300s)
[ ============                             ] 30.0% (90s / 300s)
[ ============                             ] 30.3% (91s / 300s)
[ ============                             ] 30.7% (92s / 300s)
[ ============                             ] 31.0% (93s / 300s)
[ ============                             ] 31.3% (94s / 300s)
[ ============                             ] 31.7% (95s / 300s)
[ ============                             ] 32.0% (96s / 300s)
[ ============                             ] 32.3% (97s / 300s)
[ =============                            ] 32.7% (98s / 300s)
[ =============                            ] 33.0% (99s / 300s)
[ =============                            ] 33.3% (100s / 300s)
[ =============                            ] 33.7% (101s / 300s)
[ =============                            ] 34.0% (102s / 300s)
[ =============                            ] 34.3% (103s / 300s)
[ =============                            ] 34.7% (104s / 300s)
[ ==============                           ] 35.0% (105s / 300s)
[ ==============                           ] 35.3% (106s / 300s)
[ ==============                           ] 35.7% (107s / 300s)
[ ==============                           ] 36.0% (108s / 300s)
[ ==============                           ] 36.3% (109s / 300s)
[ ==============                           ] 36.7% (110s / 300s)
[ ==============                           ] 37.0% (111s / 300s)
[ ==============                           ] 37.3% (112s / 300s)
[ ===============                          ] 37.7% (113s / 300s)
[ ===============                          ] 38.0% (114s / 300s)
[ ===============                          ] 38.3% (115s / 300s)
[ ===============                          ] 38.7% (116s / 300s)
[ ===============                          ] 39.0% (117s / 300s)
[ ===============                          ] 39.3% (118s / 300s)
[ ===============                          ] 39.7% (119s / 300s)
[ ================                         ] 40.0% (120s / 300s)
[ ================                         ] 40.3% (121s / 300s)
[ ================                         ] 40.7% (122s / 300s)
[ ================                         ] 41.0% (123s / 300s)
[ ================                         ] 41.3% (124s / 300s)
[ ================                         ] 41.7% (125s / 300s)
[ ================                         ] 42.0% (126s / 300s)
[ ================                         ] 42.3% (127s / 300s)
[ =================                        ] 42.7% (128s / 300s)
[ =================                        ] 43.0% (129s / 300s)
[ =================                        ] 43.3% (130s / 300s)
[ =================                        ] 43.7% (131s / 300s)
[ =================                        ] 44.0% (132s / 300s)
[ =================                        ] 44.3% (133s / 300s)
[ =================                        ] 44.7% (134s / 300s)
[ ==================                       ] 45.0% (135s / 300s)
[ ==================                       ] 45.3% (136s / 300s)
[ ==================                       ] 45.7% (137s / 300s)
[ ==================                       ] 46.0% (138s / 300s)
[ ==================                       ] 46.3% (139s / 300s)
[ ==================                       ] 46.7% (140s / 300s)
[ ==================                       ] 47.0% (141s / 300s)
[ ==================                       ] 47.3% (142s / 300s)
[ ===================                      ] 47.7% (143s / 300s)
[ ===================                      ] 48.0% (144s / 300s)
[ ===================                      ] 48.3% (145s / 300s)
[ ===================                      ] 48.7% (146s / 300s)
[ ===================                      ] 49.0% (147s / 300s)
[ ===================                      ] 49.3% (148s / 300s)
[ ===================                      ] 49.7% (149s / 300s)
[ ====================                     ] 50.0% (150s / 300s)
[ ====================                     ] 50.3% (151s / 300s)
[ ====================                     ] 50.7% (152s / 300s)
[ ====================                     ] 51.0% (153s / 300s)
[ ====================                     ] 51.3% (154s / 300s)
[ ====================                     ] 51.7% (155s / 300s)
[ ====================                     ] 52.0% (156s / 300s)
[ ====================                     ] 52.3% (157s / 300s)
[ =====================                    ] 52.7% (158s / 300s)
[ =====================                    ] 53.0% (159s / 300s)
[ =====================                    ] 53.3% (160s / 300s)
[ =====================                    ] 53.7% (161s / 300s)
[ =====================                    ] 54.0% (162s / 300s)
[ =====================                    ] 54.3% (163s / 300s)
[ =====================                    ] 54.7% (164s / 300s)
[ ======================                   ] 55.0% (165s / 300s)
[ ======================                   ] 55.3% (166s / 300s)
[ ======================                   ] 55.7% (167s / 300s)
[ ======================                   ] 56.0% (168s / 300s)
[ ======================                   ] 56.3% (169s / 300s)
[ ======================                   ] 56.7% (170s / 300s)
[ ======================                   ] 57.0% (171s / 300s)
[ ======================                   ] 57.3% (172s / 300s)
[ =======================                  ] 57.7% (173s / 300s)
[ =======================                  ] 58.0% (174s / 300s)
[ =======================                  ] 58.3% (175s / 300s)
[ =======================                  ] 58.7% (176s / 300s)
[ =======================                  ] 59.0% (177s / 300s)
[ =======================                  ] 59.3% (178s / 300s)
[ =======================                  ] 59.7% (179s / 300s)
[ ========================                 ] 60.0% (180s / 300s)
[ ========================                 ] 60.3% (181s / 300s)
[ ========================                 ] 60.7% (182s / 300s)
[ ========================                 ] 61.0% (183s / 300s)
[ ========================                 ] 61.3% (184s / 300s)
[ ========================                 ] 61.7% (185s / 300s)
[ ========================                 ] 62.0% (186s / 300s)
[ ========================                 ] 62.3% (187s / 300s)
[ =========================                ] 62.7% (188s / 300s)
[ =========================                ] 63.0% (189s / 300s)
[ =========================                ] 63.3% (190s / 300s)
[ =========================                ] 63.7% (191s / 300s)
[ =========================                ] 64.0% (192s / 300s)
[ =========================                ] 64.3% (193s / 300s)
[ =========================                ] 64.7% (194s / 300s)
[ ==========================               ] 65.0% (195s / 300s)
[ ==========================               ] 65.3% (196s / 300s)
[ ==========================               ] 65.7% (197s / 300s)
[ ==========================               ] 66.0% (198s / 300s)
[ ==========================               ] 66.3% (199s / 300s)
[ ==========================               ] 66.7% (200s / 300s)
[ ==========================               ] 67.0% (201s / 300s)
[ ==========================               ] 67.3% (202s / 300s)
[ ===========================              ] 67.7% (203s / 300s)
[ ===========================              ] 68.0% (204s / 300s)
[ ===========================              ] 68.3% (205s / 300s)
[ ===========================              ] 68.7% (206s / 300s)
[ ===========================              ] 69.0% (207s / 300s)
[ ===========================              ] 69.3% (208s / 300s)
[ ===========================              ] 69.7% (209s / 300s)
[ ============================             ] 70.0% (210s / 300s)
[ ============================             ] 70.3% (211s / 300s)
[ ============================             ] 70.7% (212s / 300s)
[ ============================             ] 71.0% (213s / 300s)
[ ============================             ] 71.3% (214s / 300s)
[ ============================             ] 71.7% (215s / 300s)
[ ============================             ] 72.0% (216s / 300s)
[ ============================             ] 72.3% (217s / 300s)
[ =============================            ] 72.7% (218s / 300s)
[ =============================            ] 73.0% (219s / 300s)
[ =============================            ] 73.3% (220s / 300s)
[ =============================            ] 73.7% (221s / 300s)
[ =============================            ] 74.0% (222s / 300s)
[ =============================            ] 74.3% (223s / 300s)
[ =============================            ] 74.7% (224s / 300s)
[ ==============================           ] 75.0% (225s / 300s)
[ ==============================           ] 75.3% (226s / 300s)
[ ==============================           ] 75.7% (227s / 300s)
[ ==============================           ] 76.0% (228s / 300s)
[ ==============================           ] 76.3% (229s / 300s)
[ ==============================           ] 76.7% (230s / 300s)
[ ==============================           ] 77.0% (231s / 300s)
[ ==============================           ] 77.3% (232s / 300s)
[ ===============================          ] 77.7% (233s / 300s)
[ ===============================          ] 78.0% (234s / 300s)
[ ===============================          ] 78.3% (235s / 300s)
[ ===============================          ] 78.7% (236s / 300s)
[ ===============================          ] 79.0% (237s / 300s)
[ ===============================          ] 79.3% (238s / 300s)
[ ===============================          ] 79.7% (239s / 300s)
[ ================================         ] 80.0% (240s / 300s)
[ ================================         ] 80.3% (241s / 300s)
[ ================================         ] 80.7% (242s / 300s)
[ ================================         ] 81.0% (243s / 300s)
[ ================================         ] 81.3% (244s / 300s)
[ ================================         ] 81.7% (245s / 300s)
[ ================================         ] 82.0% (246s / 300s)
[ ================================         ] 82.3% (247s / 300s)
[ =================================        ] 82.7% (248s / 300s)
[ =================================        ] 83.0% (249s / 300s)
[ =================================        ] 83.3% (250s / 300s)
[ =================================        ] 83.7% (251s / 300s)
[ =================================        ] 84.0% (252s / 300s)
[ =================================        ] 84.3% (253s / 300s)
[ =================================        ] 84.7% (254s / 300s)
[ ==================================       ] 85.0% (255s / 300s)
[ ==================================       ] 85.3% (256s / 300s)
[ ==================================       ] 85.7% (257s / 300s)
[ ==================================       ] 86.0% (258s / 300s)
[ ==================================       ] 86.3% (259s / 300s)
[ ==================================       ] 86.7% (260s / 300s)
[ ==================================       ] 87.0% (261s / 300s)
[ ==================================       ] 87.3% (262s / 300s)
[ ===================================      ] 87.7% (263s / 300s)
[ ===================================      ] 88.0% (264s / 300s)
[ ===================================      ] 88.3% (265s / 300s)
[ ===================================      ] 88.7% (266s / 300s)
[ ===================================      ] 89.0% (267s / 300s)
[ ===================================      ] 89.3% (268s / 300s)
[ ===================================      ] 89.7% (269s / 300s)
[ ====================================     ] 90.0% (270s / 300s)
[ ====================================     ] 90.3% (271s / 300s)
[ ====================================     ] 90.7% (272s / 300s)
[ ====================================     ] 91.0% (273s / 300s)
[ ====================================     ] 91.3% (274s / 300s)
[ ====================================     ] 91.7% (275s / 300s)
[ ====================================     ] 92.0% (276s / 300s)
[ ====================================     ] 92.3% (277s / 300s)
[ =====================================    ] 92.7% (278s / 300s)
[ =====================================    ] 93.0% (279s / 300s)
[ =====================================    ] 93.3% (280s / 300s)
[ =====================================    ] 93.7% (281s / 300s)
[ =====================================    ] 94.0% (282s / 300s)
[ =====================================    ] 94.3% (283s / 300s)
[ =====================================    ] 94.7% (284s / 300s)
[ ======================================   ] 95.0% (285s / 300s)
[ ======================================   ] 95.3% (286s / 300s)
[ ======================================   ] 95.7% (287s / 300s)
[ ======================================   ] 96.0% (288s / 300s)
[ ======================================   ] 96.3% (289s / 300s)
[ ======================================   ] 96.7% (290s / 300s)
[ ======================================   ] 97.0% (291s / 300s)
[ ======================================   ] 97.3% (292s / 300s)
[ =======================================  ] 97.7% (293s / 300s)
[ =======================================  ] 98.0% (294s / 300s)
[ =======================================  ] 98.3% (295s / 300s)
[ =======================================  ] 98.7% (296s / 300s)
[ =======================================  ] 99.0% (297s / 300s)
[ =======================================  ] 99.3% (298s / 300s)
[ =======================================  ] 99.7% (299s / 300s)
[ ======================================== ] 100.0% (300s / 300s)
Simulation completed.
Metrics: MACproxy=0, DAA_pairs=7, completed=7
Telemetry: 2370 entries to simulation_telemetry.ndjson
